[17:39:39] [Client thread/INFO]: Setting user: Player390
[17:39:42] [Client thread/INFO]: LWJGL Version: 2.9.1
[17:39:44] [Client thread/INFO]: Reloading ResourceManager: Default, FMLFileResourcePack:Forge Mod Loader, FMLFileResourcePack:Minecraft Forge, FMLFileResourcePack:Example Mod, FMLFileResourcePack:Craftable
[17:39:44] [Sound Library Loader/INFO]: Starting up SoundSystem...
[17:39:44] [Thread-7/INFO]: Initializing LWJGL OpenAL
[17:39:44] [Thread-7/INFO]: (The LWJGL binding of OpenAL.  For more information, see http://www.lwjgl.org)
[17:39:44] [Thread-7/INFO]: OpenAL initialized.
[17:39:45] [Sound Library Loader/INFO]: Sound engine started
[17:39:47] [Client thread/INFO]: Created: 512x512 textures-atlas
[17:39:48] [Client thread/INFO]: Reloading ResourceManager: Default, FMLFileResourcePack:Forge Mod Loader, FMLFileResourcePack:Minecraft Forge, FMLFileResourcePack:Example Mod, FMLFileResourcePack:Craftable
[17:39:48] [Client thread/INFO]: SoundSystem shutting down...
[17:39:48] [Client thread/WARN]: Author: Paul Lamb, www.paulscode.com
[17:39:48] [Sound Library Loader/INFO]: Starting up SoundSystem...
[17:39:48] [Thread-9/INFO]: Initializing LWJGL OpenAL
[17:39:48] [Thread-9/INFO]: (The LWJGL binding of OpenAL.  For more information, see http://www.lwjgl.org)
[17:39:48] [Thread-9/INFO]: OpenAL initialized.
[17:39:49] [Sound Library Loader/INFO]: Sound engine started
[17:39:50] [Client thread/INFO]: Created: 512x512 textures-atlas
[17:39:58] [Server thread/INFO]: Starting integrated minecraft server version 1.8
[17:39:58] [Server thread/INFO]: Generating keypair
[17:39:58] [Server thread/INFO]: Preparing start region for level 0
[17:39:59] [Server thread/INFO]: Changing view distance to 12, from 10
[17:39:59] [Server thread/INFO]: Player390[local:E:9ab08d2d] logged in with entity id 45 at (497.66986137795993, 4.0, -134.36506211426973)
[17:39:59] [Server thread/INFO]: Player390 joined the game
[17:40:07] [Server thread/INFO]: Player390 has just earned the achievement [Taking Inventory]
[17:40:07] [Client thread/INFO]: [CHAT] Player390 has just earned the achievement [Taking Inventory]
[17:43:02] [Client thread/INFO]: Stopping!
[17:43:02] [Client thread/INFO]: SoundSystem shutting down...
[17:43:02] [Server thread/INFO]: Stopping server
[17:43:02] [Server thread/INFO]: Saving players
[17:43:02] [Server thread/INFO]: Saving worlds
[17:43:02] [Server thread/INFO]: Saving chunks for level 'New World'/Overworld
[17:43:02] [Server thread/INFO]: Saving chunks for level 'New World'/Nether
[17:43:02] [Server thread/INFO]: Saving chunks for level 'New World'/The End
[17:43:03] [Client thread/WARN]: Author: Paul Lamb, www.paulscode.com
